producer_class	xtools.gsea.GseaPreranked
producer_timestamp	1680999322997
param	rpt_label	GMvsWM_CON
param	rnd_seed	12345
param	set_min	15
param	zip_report	false
param	create_svgs	false
param	scoring_scheme	weighted
param	rnk	/home/rstudio/projects/A3/data/deg_con.rnk
param	norm	meandiv
param	out	/home/rstudio/projects/A3/data/CON
param	mode	Max_probe
param	include_only_symbols	true
param	help	false
param	set_max	200
param	gmx	/home/rstudio/projects/A3/data/Human_GOBP_AllPathways_no_GO_iea_March_02_2023_symbol.gmt
param	make_sets	true
param	plot_top_x	20
param	gui	false
param	nperm	1000
param	collapse	No_Collapse

file	/home/rstudio/projects/A3/data/CON/GMvsWM_CON.GseaPreranked.1680999322997/index.html
